[Tue, 15 Sep 2015 01:04:35] [INFO] file=/home/sornalingamt/woudc-bps-git/local/lib/python2.7/site-packages/extcsv/writer.py     line=129 module=writer function=add_table [Table: CONTENT at index: 1 added.]
[Tue, 15 Sep 2015 01:04:35] [ERROR] file=/home/sornalingamt/woudc-bps-git/local/lib/python2.7/site-packages/extcsv/writer.py     line=135 module=writer function=add_table [Table: CONTENT at index: 1 already exists]
[Tue, 15 Sep 2015 01:04:35] [INFO] file=/home/sornalingamt/woudc-bps-git/local/lib/python2.7/site-packages/extcsv/writer.py     line=129 module=writer function=add_table [Table: CONTENT at index: 2 added.]
[Tue, 15 Sep 2015 01:04:35] [INFO] file=/home/sornalingamt/woudc-bps-git/local/lib/python2.7/site-packages/extcsv/writer.py     line=150 module=writer function=add_field [Field: Class was added to Table: CONTENT at index: 1]
[Tue, 15 Sep 2015 01:04:35] [ERROR] file=/home/sornalingamt/woudc-bps-git/local/lib/python2.7/site-packages/extcsv/writer.py     line=165 module=writer function=add_field [Field: Class already persent in Table: CONTENT at index: 1]
[Tue, 15 Sep 2015 01:04:35] [INFO] file=/home/sornalingamt/woudc-bps-git/local/lib/python2.7/site-packages/extcsv/writer.py     line=162 module=writer function=add_field [Field: Category was added to Table: CONTENT at index: 1]
[Tue, 15 Sep 2015 01:04:35] [INFO] file=/home/sornalingamt/woudc-bps-git/local/lib/python2.7/site-packages/extcsv/writer.py     line=162 module=writer function=add_field [Field: Level was added to Table: CONTENT at index: 1]
[Tue, 15 Sep 2015 01:04:35] [INFO] file=/home/sornalingamt/woudc-bps-git/local/lib/python2.7/site-packages/extcsv/writer.py     line=129 module=writer function=add_table [Table: PLATFORM at index: 1 added.]
[Tue, 15 Sep 2015 01:04:35] [INFO] file=/home/sornalingamt/woudc-bps-git/local/lib/python2.7/site-packages/extcsv/writer.py     line=162 module=writer function=add_field [Field: Class was added to Table: PLATFORM at index: 1]
[Tue, 15 Sep 2015 01:04:35] [INFO] file=/home/sornalingamt/woudc-bps-git/local/lib/python2.7/site-packages/extcsv/writer.py     line=162 module=writer function=add_field [Field: Category was added to Table: PLATFORM at index: 1]
[Tue, 15 Sep 2015 01:04:35] [INFO] file=/home/sornalingamt/woudc-bps-git/local/lib/python2.7/site-packages/extcsv/writer.py     line=162 module=writer function=add_field [Field: Level was added to Table: PLATFORM at index: 1]
[Tue, 15 Sep 2015 01:04:35] [INFO] file=/home/sornalingamt/woudc-bps-git/local/lib/python2.7/site-packages/extcsv/writer.py     line=129 module=writer function=add_table [Table: PLATFORM at index: 2 added.]
[Tue, 15 Sep 2015 01:04:35] [INFO] file=/home/sornalingamt/woudc-bps-git/local/lib/python2.7/site-packages/extcsv/writer.py     line=162 module=writer function=add_field [Field: Class was added to Table: PLATFORM at index: 2]
[Tue, 15 Sep 2015 01:04:35] [INFO] file=/home/sornalingamt/woudc-bps-git/local/lib/python2.7/site-packages/extcsv/writer.py     line=162 module=writer function=add_field [Field: Category was added to Table: PLATFORM at index: 2]
[Tue, 15 Sep 2015 01:04:35] [INFO] file=/home/sornalingamt/woudc-bps-git/local/lib/python2.7/site-packages/extcsv/writer.py     line=162 module=writer function=add_field [Field: Level was added to Table: PLATFORM at index: 2]
[Tue, 15 Sep 2015 01:04:35] [INFO] file=/home/sornalingamt/woudc-bps-git/local/lib/python2.7/site-packages/extcsv/writer.py     line=191 module=writer function=add_data [Data added to Field: Class of Table: CONTENT at index: 1]
[Tue, 15 Sep 2015 01:04:35] [INFO] file=/home/sornalingamt/woudc-bps-git/local/lib/python2.7/site-packages/extcsv/writer.py     line=191 module=writer function=add_data [Data added to Field: Class of Table: CONTENT at index: 1]
[Tue, 15 Sep 2015 01:04:35] [INFO] file=/home/sornalingamt/woudc-bps-git/local/lib/python2.7/site-packages/extcsv/writer.py     line=162 module=writer function=add_field [Field: Class was added to Table: CONTENT at index: 2]
[Tue, 15 Sep 2015 01:04:35] [INFO] file=/home/sornalingamt/woudc-bps-git/local/lib/python2.7/site-packages/extcsv/writer.py     line=162 module=writer function=add_field [Field: Category was added to Table: CONTENT at index: 2]
[Tue, 15 Sep 2015 01:04:35] [INFO] file=/home/sornalingamt/woudc-bps-git/local/lib/python2.7/site-packages/extcsv/writer.py     line=162 module=writer function=add_field [Field: Level was added to Table: CONTENT at index: 2]
[Tue, 15 Sep 2015 01:04:35] [INFO] file=/home/sornalingamt/woudc-bps-git/local/lib/python2.7/site-packages/extcsv/writer.py     line=199 module=writer function=add_data [Data added to Field: Category of Table: CONTENT at index: 2]
[Tue, 15 Sep 2015 01:04:35] [INFO] file=/home/sornalingamt/woudc-bps-git/local/lib/python2.7/site-packages/extcsv/writer.py     line=199 module=writer function=add_data [Data added to Field: Category of Table: CONTENT at index: 2]
[Tue, 15 Sep 2015 01:04:35] [INFO] file=/home/sornalingamt/woudc-bps-git/local/lib/python2.7/site-packages/extcsv/writer.py     line=129 module=writer function=add_table [Table: CONTENT at index: 3 added.]
[Tue, 15 Sep 2015 01:04:35] [INFO] file=/home/sornalingamt/woudc-bps-git/local/lib/python2.7/site-packages/extcsv/writer.py     line=150 module=writer function=add_field [Field: Category was added to Table: CONTENT at index: 3]
[Tue, 15 Sep 2015 01:04:35] [INFO] file=/home/sornalingamt/woudc-bps-git/local/lib/python2.7/site-packages/extcsv/writer.py     line=199 module=writer function=add_data [Data added to Field: Category of Table: CONTENT at index: 3]
[Tue, 15 Sep 2015 01:04:35] [INFO] file=/home/sornalingamt/woudc-bps-git/local/lib/python2.7/site-packages/extcsv/writer.py     line=129 module=writer function=add_table [Table: CONTENT at index: 4 added.]
[Tue, 15 Sep 2015 01:04:35] [INFO] file=/home/sornalingamt/woudc-bps-git/local/lib/python2.7/site-packages/extcsv/writer.py     line=150 module=writer function=add_field [Field: Category was added to Table: CONTENT at index: 4]
[Tue, 15 Sep 2015 01:04:35] [INFO] file=/home/sornalingamt/woudc-bps-git/local/lib/python2.7/site-packages/extcsv/writer.py     line=150 module=writer function=add_field [Field: field2 was added to Table: CONTENT at index: 4]
[Tue, 15 Sep 2015 01:04:35] [INFO] file=/home/sornalingamt/woudc-bps-git/local/lib/python2.7/site-packages/extcsv/writer.py     line=150 module=writer function=add_field [Field: field3 was added to Table: CONTENT at index: 4]
[Tue, 15 Sep 2015 01:04:35] [INFO] file=/home/sornalingamt/woudc-bps-git/local/lib/python2.7/site-packages/extcsv/writer.py     line=191 module=writer function=add_data [Data added to Field: Class of Table: PLATFORM at index: 1]
[Tue, 15 Sep 2015 01:04:35] [INFO] file=/home/sornalingamt/woudc-bps-git/local/lib/python2.7/site-packages/extcsv/writer.py     line=236 module=writer function=remove_table [Removed Table: CONTENT at index: 1]
[Tue, 15 Sep 2015 01:04:35] [INFO] file=/home/sornalingamt/woudc-bps-git/local/lib/python2.7/site-packages/extcsv/writer.py     line=250 module=writer function=remove_field [Removed Field: Category of Table: CONTENT at index: 2]
[Tue, 15 Sep 2015 01:04:35] [INFO] file=/home/sornalingamt/woudc-bps-git/local/lib/python2.7/site-packages/extcsv/writer.py     line=269 module=writer function=remove_data [First occurance of data: d from Field: Class of Table: CONTENT at index: 2 was removeed]
[Tue, 15 Sep 2015 01:04:35] [ERROR] file=/home/sornalingamt/woudc-bps-git/local/lib/python2.7/site-packages/extcsv/writer.py     line=272 module=writer function=remove_data [Value: e was not found in field: Class of table: CONTENT at index: 2]
[Tue, 15 Sep 2015 01:04:35] [ERROR] file=/home/sornalingamt/woudc-bps-git/local/lib/python2.7/site-packages/extcsv/writer.py     line=281 module=writer function=remove_data [No data found at position: 1 in field: Class of table: CONTENT at index: 2]
[Tue, 15 Sep 2015 01:04:35] [INFO] file=/home/sornalingamt/woudc-bps-git/local/lib/python2.7/site-packages/extcsv/writer.py     line=278 module=writer function=remove_data [Data at index: 0 from Field: Category of Table: CONTENT at index: 3 was removed]
[Tue, 15 Sep 2015 01:04:35] [INFO] file=/home/sornalingamt/woudc-bps-git/local/lib/python2.7/site-packages/extcsv/writer.py     line=269 module=writer function=remove_data [First occurance of data: 7 from Field: Category of Table: CONTENT at index: 3 was removeed]
[Tue, 15 Sep 2015 01:04:35] [INFO] file=/home/sornalingamt/woudc-bps-git/local/lib/python2.7/site-packages/extcsv/writer.py     line=289 module=writer function=remove_data [All occurance of data: 7 from Field: Category of table: CONTENT at index: 3 removed.]
[Tue, 15 Sep 2015 01:04:35] [ERROR] file=/home/sornalingamt/woudc-bps-git/local/lib/python2.7/site-packages/extcsv/writer.py     line=272 module=writer function=remove_data [Value: 23424 was not found in field: Category of table: CONTENT at index: 3]
[Tue, 15 Sep 2015 01:04:35] [INFO] file=/home/sornalingamt/woudc-bps-git/local/lib/python2.7/site-packages/extcsv/writer.py     line=289 module=writer function=remove_data [All occurance of data: 23424 from Field: Category of table: CONTENT at index: 3 removed.]
[Tue, 15 Sep 2015 01:04:35] [INFO] file=/home/sornalingamt/woudc-bps-git/local/lib/python2.7/site-packages/extcsv/writer.py     line=269 module=writer function=remove_data [First occurance of data: 8 from Field: Category of Table: CONTENT at index: 3 was removeed]
[Tue, 15 Sep 2015 01:04:35] [INFO] file=/home/sornalingamt/woudc-bps-git/local/lib/python2.7/site-packages/extcsv/writer.py     line=289 module=writer function=remove_data [All occurance of data: 8 from Field: Category of table: CONTENT at index: 3 removed.]
[Tue, 15 Sep 2015 01:04:35] [INFO] file=/home/sornalingamt/woudc-bps-git/local/lib/python2.7/site-packages/extcsv/writer.py     line=269 module=writer function=remove_data [First occurance of data: 10 from Field: Category of Table: CONTENT at index: 3 was removeed]
[Tue, 15 Sep 2015 01:04:35] [INFO] file=/home/sornalingamt/woudc-bps-git/local/lib/python2.7/site-packages/extcsv/writer.py     line=289 module=writer function=remove_data [All occurance of data: 10 from Field: Category of table: CONTENT at index: 3 removed.]
[Tue, 15 Sep 2015 01:04:35] [INFO] file=/home/sornalingamt/woudc-bps-git/local/lib/python2.7/site-packages/extcsv/writer.py     line=314 module=writer function=clear_table [Table: CONTENT at index: 3 cleared.]
[Tue, 15 Sep 2015 01:04:35] [INFO] file=/home/sornalingamt/woudc-bps-git/local/lib/python2.7/site-packages/extcsv/writer.py     line=150 module=writer function=add_field [Field: Category was added to Table: CONTENT at index: 3]
[Tue, 15 Sep 2015 01:04:35] [INFO] file=/home/sornalingamt/woudc-bps-git/local/lib/python2.7/site-packages/extcsv/writer.py     line=191 module=writer function=add_data [Data added to Field: Category of Table: CONTENT at index: 3]
[Tue, 15 Sep 2015 01:04:35] [INFO] file=/home/sornalingamt/woudc-bps-git/local/lib/python2.7/site-packages/extcsv/writer.py     line=327 module=writer function=clear_field [Field: Category of table: CONTENT at index: 3]
[Tue, 15 Sep 2015 01:04:35] [ERROR] file=/home/sornalingamt/woudc-bps-git/local/lib/python2.7/site-packages/extcsv/writer.py     line=367 module=writer function=serialize [[1, 3, 3, 3, 3, 1, 3, 3, 3, 4, 3, 4, 3, 3, 3, 4, 1, 3, 3, 3, 1, 3, 3, 3]]
[Tue, 15 Sep 2015 01:33:53] [INFO] file=/home/sornalingamt/woudc-bps-git/local/lib/python2.7/site-packages/woudc/extcsv/__init__.py     line=131 module=__init__ function=add_table [Table: CONTENT at index: 1 added.]
[Tue, 15 Sep 2015 01:33:53] [ERROR] file=/home/sornalingamt/woudc-bps-git/local/lib/python2.7/site-packages/woudc/extcsv/__init__.py     line=137 module=__init__ function=add_table [Table: CONTENT at index: 1 already exists]
[Tue, 15 Sep 2015 01:33:53] [INFO] file=/home/sornalingamt/woudc-bps-git/local/lib/python2.7/site-packages/woudc/extcsv/__init__.py     line=131 module=__init__ function=add_table [Table: CONTENT at index: 2 added.]
[Tue, 15 Sep 2015 01:33:53] [INFO] file=/home/sornalingamt/woudc-bps-git/local/lib/python2.7/site-packages/woudc/extcsv/__init__.py     line=152 module=__init__ function=add_field [Field: Class was added to Table: CONTENT at index: 1]
[Tue, 15 Sep 2015 01:33:53] [ERROR] file=/home/sornalingamt/woudc-bps-git/local/lib/python2.7/site-packages/woudc/extcsv/__init__.py     line=167 module=__init__ function=add_field [Field: Class already persent in Table: CONTENT at index: 1]
[Tue, 15 Sep 2015 01:33:53] [INFO] file=/home/sornalingamt/woudc-bps-git/local/lib/python2.7/site-packages/woudc/extcsv/__init__.py     line=164 module=__init__ function=add_field [Field: Category was added to Table: CONTENT at index: 1]
[Tue, 15 Sep 2015 01:33:53] [INFO] file=/home/sornalingamt/woudc-bps-git/local/lib/python2.7/site-packages/woudc/extcsv/__init__.py     line=164 module=__init__ function=add_field [Field: Level was added to Table: CONTENT at index: 1]
[Tue, 15 Sep 2015 01:33:53] [INFO] file=/home/sornalingamt/woudc-bps-git/local/lib/python2.7/site-packages/woudc/extcsv/__init__.py     line=131 module=__init__ function=add_table [Table: PLATFORM at index: 1 added.]
[Tue, 15 Sep 2015 01:33:53] [INFO] file=/home/sornalingamt/woudc-bps-git/local/lib/python2.7/site-packages/woudc/extcsv/__init__.py     line=164 module=__init__ function=add_field [Field: Class was added to Table: PLATFORM at index: 1]
[Tue, 15 Sep 2015 01:33:53] [INFO] file=/home/sornalingamt/woudc-bps-git/local/lib/python2.7/site-packages/woudc/extcsv/__init__.py     line=164 module=__init__ function=add_field [Field: Category was added to Table: PLATFORM at index: 1]
[Tue, 15 Sep 2015 01:33:53] [INFO] file=/home/sornalingamt/woudc-bps-git/local/lib/python2.7/site-packages/woudc/extcsv/__init__.py     line=164 module=__init__ function=add_field [Field: Level was added to Table: PLATFORM at index: 1]
[Tue, 15 Sep 2015 01:33:53] [INFO] file=/home/sornalingamt/woudc-bps-git/local/lib/python2.7/site-packages/woudc/extcsv/__init__.py     line=131 module=__init__ function=add_table [Table: PLATFORM at index: 2 added.]
[Tue, 15 Sep 2015 01:33:53] [INFO] file=/home/sornalingamt/woudc-bps-git/local/lib/python2.7/site-packages/woudc/extcsv/__init__.py     line=164 module=__init__ function=add_field [Field: Class was added to Table: PLATFORM at index: 2]
[Tue, 15 Sep 2015 01:33:53] [INFO] file=/home/sornalingamt/woudc-bps-git/local/lib/python2.7/site-packages/woudc/extcsv/__init__.py     line=164 module=__init__ function=add_field [Field: Category was added to Table: PLATFORM at index: 2]
[Tue, 15 Sep 2015 01:33:53] [INFO] file=/home/sornalingamt/woudc-bps-git/local/lib/python2.7/site-packages/woudc/extcsv/__init__.py     line=164 module=__init__ function=add_field [Field: Level was added to Table: PLATFORM at index: 2]
[Tue, 15 Sep 2015 01:33:53] [INFO] file=/home/sornalingamt/woudc-bps-git/local/lib/python2.7/site-packages/woudc/extcsv/__init__.py     line=193 module=__init__ function=add_data [Data added to Field: Class of Table: CONTENT at index: 1]
[Tue, 15 Sep 2015 01:33:53] [INFO] file=/home/sornalingamt/woudc-bps-git/local/lib/python2.7/site-packages/woudc/extcsv/__init__.py     line=193 module=__init__ function=add_data [Data added to Field: Class of Table: CONTENT at index: 1]
[Tue, 15 Sep 2015 01:33:53] [INFO] file=/home/sornalingamt/woudc-bps-git/local/lib/python2.7/site-packages/woudc/extcsv/__init__.py     line=164 module=__init__ function=add_field [Field: Class was added to Table: CONTENT at index: 2]
[Tue, 15 Sep 2015 01:33:53] [INFO] file=/home/sornalingamt/woudc-bps-git/local/lib/python2.7/site-packages/woudc/extcsv/__init__.py     line=164 module=__init__ function=add_field [Field: Category was added to Table: CONTENT at index: 2]
[Tue, 15 Sep 2015 01:33:53] [INFO] file=/home/sornalingamt/woudc-bps-git/local/lib/python2.7/site-packages/woudc/extcsv/__init__.py     line=164 module=__init__ function=add_field [Field: Level was added to Table: CONTENT at index: 2]
[Tue, 15 Sep 2015 01:33:53] [INFO] file=/home/sornalingamt/woudc-bps-git/local/lib/python2.7/site-packages/woudc/extcsv/__init__.py     line=201 module=__init__ function=add_data [Data added to Field: Category of Table: CONTENT at index: 2]
[Tue, 15 Sep 2015 01:33:53] [INFO] file=/home/sornalingamt/woudc-bps-git/local/lib/python2.7/site-packages/woudc/extcsv/__init__.py     line=201 module=__init__ function=add_data [Data added to Field: Category of Table: CONTENT at index: 2]
[Tue, 15 Sep 2015 01:33:53] [INFO] file=/home/sornalingamt/woudc-bps-git/local/lib/python2.7/site-packages/woudc/extcsv/__init__.py     line=131 module=__init__ function=add_table [Table: CONTENT at index: 3 added.]
[Tue, 15 Sep 2015 01:33:53] [INFO] file=/home/sornalingamt/woudc-bps-git/local/lib/python2.7/site-packages/woudc/extcsv/__init__.py     line=152 module=__init__ function=add_field [Field: Category was added to Table: CONTENT at index: 3]
[Tue, 15 Sep 2015 01:33:53] [INFO] file=/home/sornalingamt/woudc-bps-git/local/lib/python2.7/site-packages/woudc/extcsv/__init__.py     line=201 module=__init__ function=add_data [Data added to Field: Category of Table: CONTENT at index: 3]
[Tue, 15 Sep 2015 01:33:53] [INFO] file=/home/sornalingamt/woudc-bps-git/local/lib/python2.7/site-packages/woudc/extcsv/__init__.py     line=131 module=__init__ function=add_table [Table: CONTENT at index: 4 added.]
[Tue, 15 Sep 2015 01:33:53] [INFO] file=/home/sornalingamt/woudc-bps-git/local/lib/python2.7/site-packages/woudc/extcsv/__init__.py     line=152 module=__init__ function=add_field [Field: Category was added to Table: CONTENT at index: 4]
[Tue, 15 Sep 2015 01:33:53] [INFO] file=/home/sornalingamt/woudc-bps-git/local/lib/python2.7/site-packages/woudc/extcsv/__init__.py     line=152 module=__init__ function=add_field [Field: field2 was added to Table: CONTENT at index: 4]
[Tue, 15 Sep 2015 01:33:53] [INFO] file=/home/sornalingamt/woudc-bps-git/local/lib/python2.7/site-packages/woudc/extcsv/__init__.py     line=152 module=__init__ function=add_field [Field: field3 was added to Table: CONTENT at index: 4]
[Tue, 15 Sep 2015 01:33:53] [INFO] file=/home/sornalingamt/woudc-bps-git/local/lib/python2.7/site-packages/woudc/extcsv/__init__.py     line=193 module=__init__ function=add_data [Data added to Field: Class of Table: PLATFORM at index: 1]
[Tue, 15 Sep 2015 01:33:53] [INFO] file=/home/sornalingamt/woudc-bps-git/local/lib/python2.7/site-packages/woudc/extcsv/__init__.py     line=238 module=__init__ function=remove_table [Removed Table: CONTENT at index: 1]
[Tue, 15 Sep 2015 01:33:53] [INFO] file=/home/sornalingamt/woudc-bps-git/local/lib/python2.7/site-packages/woudc/extcsv/__init__.py     line=252 module=__init__ function=remove_field [Removed Field: Category of Table: CONTENT at index: 2]
[Tue, 15 Sep 2015 01:33:53] [INFO] file=/home/sornalingamt/woudc-bps-git/local/lib/python2.7/site-packages/woudc/extcsv/__init__.py     line=271 module=__init__ function=remove_data [First occurance of data: d from Field: Class of Table: CONTENT at index: 2 was removeed]
[Tue, 15 Sep 2015 01:33:53] [ERROR] file=/home/sornalingamt/woudc-bps-git/local/lib/python2.7/site-packages/woudc/extcsv/__init__.py     line=274 module=__init__ function=remove_data [Value: e was not found in field: Class of table: CONTENT at index: 2]
[Tue, 15 Sep 2015 01:33:53] [ERROR] file=/home/sornalingamt/woudc-bps-git/local/lib/python2.7/site-packages/woudc/extcsv/__init__.py     line=283 module=__init__ function=remove_data [No data found at position: 1 in field: Class of table: CONTENT at index: 2]
[Tue, 15 Sep 2015 01:33:53] [INFO] file=/home/sornalingamt/woudc-bps-git/local/lib/python2.7/site-packages/woudc/extcsv/__init__.py     line=280 module=__init__ function=remove_data [Data at index: 0 from Field: Category of Table: CONTENT at index: 3 was removed]
[Tue, 15 Sep 2015 01:33:53] [INFO] file=/home/sornalingamt/woudc-bps-git/local/lib/python2.7/site-packages/woudc/extcsv/__init__.py     line=271 module=__init__ function=remove_data [First occurance of data: 7 from Field: Category of Table: CONTENT at index: 3 was removeed]
[Tue, 15 Sep 2015 01:33:53] [INFO] file=/home/sornalingamt/woudc-bps-git/local/lib/python2.7/site-packages/woudc/extcsv/__init__.py     line=291 module=__init__ function=remove_data [All occurance of data: 7 from Field: Category of table: CONTENT at index: 3 removed.]
[Tue, 15 Sep 2015 01:33:53] [ERROR] file=/home/sornalingamt/woudc-bps-git/local/lib/python2.7/site-packages/woudc/extcsv/__init__.py     line=274 module=__init__ function=remove_data [Value: 23424 was not found in field: Category of table: CONTENT at index: 3]
[Tue, 15 Sep 2015 01:33:53] [INFO] file=/home/sornalingamt/woudc-bps-git/local/lib/python2.7/site-packages/woudc/extcsv/__init__.py     line=291 module=__init__ function=remove_data [All occurance of data: 23424 from Field: Category of table: CONTENT at index: 3 removed.]
[Tue, 15 Sep 2015 01:33:53] [INFO] file=/home/sornalingamt/woudc-bps-git/local/lib/python2.7/site-packages/woudc/extcsv/__init__.py     line=271 module=__init__ function=remove_data [First occurance of data: 8 from Field: Category of Table: CONTENT at index: 3 was removeed]
[Tue, 15 Sep 2015 01:33:53] [INFO] file=/home/sornalingamt/woudc-bps-git/local/lib/python2.7/site-packages/woudc/extcsv/__init__.py     line=291 module=__init__ function=remove_data [All occurance of data: 8 from Field: Category of table: CONTENT at index: 3 removed.]
[Tue, 15 Sep 2015 01:33:53] [INFO] file=/home/sornalingamt/woudc-bps-git/local/lib/python2.7/site-packages/woudc/extcsv/__init__.py     line=271 module=__init__ function=remove_data [First occurance of data: 10 from Field: Category of Table: CONTENT at index: 3 was removeed]
[Tue, 15 Sep 2015 01:33:53] [INFO] file=/home/sornalingamt/woudc-bps-git/local/lib/python2.7/site-packages/woudc/extcsv/__init__.py     line=291 module=__init__ function=remove_data [All occurance of data: 10 from Field: Category of table: CONTENT at index: 3 removed.]
[Tue, 15 Sep 2015 01:33:53] [INFO] file=/home/sornalingamt/woudc-bps-git/local/lib/python2.7/site-packages/woudc/extcsv/__init__.py     line=316 module=__init__ function=clear_table [Table: CONTENT at index: 3 cleared.]
[Tue, 15 Sep 2015 01:33:53] [INFO] file=/home/sornalingamt/woudc-bps-git/local/lib/python2.7/site-packages/woudc/extcsv/__init__.py     line=152 module=__init__ function=add_field [Field: Category was added to Table: CONTENT at index: 3]
[Tue, 15 Sep 2015 01:33:53] [INFO] file=/home/sornalingamt/woudc-bps-git/local/lib/python2.7/site-packages/woudc/extcsv/__init__.py     line=193 module=__init__ function=add_data [Data added to Field: Category of Table: CONTENT at index: 3]
[Tue, 15 Sep 2015 01:33:53] [INFO] file=/home/sornalingamt/woudc-bps-git/local/lib/python2.7/site-packages/woudc/extcsv/__init__.py     line=329 module=__init__ function=clear_field [Field: Category of table: CONTENT at index: 3]
[Tue, 15 Sep 2015 01:33:53] [ERROR] file=/home/sornalingamt/woudc-bps-git/local/lib/python2.7/site-packages/woudc/extcsv/__init__.py     line=369 module=__init__ function=serialize [[1, 3, 3, 3, 3, 1, 3, 3, 3, 4, 3, 4, 3, 3, 3, 4, 1, 3, 3, 3, 1, 3, 3, 3]]
[Tue, 15 Sep 2015 01:35:07] [INFO] file=/home/sornalingamt/woudc-bps-git/local/lib/python2.7/site-packages/woudc/extcsv/__init__.py     line=131 module=__init__ function=add_table [Table: CONTENT at index: 1 added.]
[Tue, 15 Sep 2015 01:35:07] [ERROR] file=/home/sornalingamt/woudc-bps-git/local/lib/python2.7/site-packages/woudc/extcsv/__init__.py     line=137 module=__init__ function=add_table [Table: CONTENT at index: 1 already exists]
[Tue, 15 Sep 2015 01:35:07] [INFO] file=/home/sornalingamt/woudc-bps-git/local/lib/python2.7/site-packages/woudc/extcsv/__init__.py     line=131 module=__init__ function=add_table [Table: CONTENT at index: 2 added.]
[Tue, 15 Sep 2015 01:35:07] [INFO] file=/home/sornalingamt/woudc-bps-git/local/lib/python2.7/site-packages/woudc/extcsv/__init__.py     line=152 module=__init__ function=add_field [Field: Class was added to Table: CONTENT at index: 1]
[Tue, 15 Sep 2015 01:35:07] [ERROR] file=/home/sornalingamt/woudc-bps-git/local/lib/python2.7/site-packages/woudc/extcsv/__init__.py     line=167 module=__init__ function=add_field [Field: Class already persent in Table: CONTENT at index: 1]
[Tue, 15 Sep 2015 01:35:07] [INFO] file=/home/sornalingamt/woudc-bps-git/local/lib/python2.7/site-packages/woudc/extcsv/__init__.py     line=164 module=__init__ function=add_field [Field: Category was added to Table: CONTENT at index: 1]
[Tue, 15 Sep 2015 01:35:07] [INFO] file=/home/sornalingamt/woudc-bps-git/local/lib/python2.7/site-packages/woudc/extcsv/__init__.py     line=164 module=__init__ function=add_field [Field: Level was added to Table: CONTENT at index: 1]
[Tue, 15 Sep 2015 01:35:07] [INFO] file=/home/sornalingamt/woudc-bps-git/local/lib/python2.7/site-packages/woudc/extcsv/__init__.py     line=131 module=__init__ function=add_table [Table: PLATFORM at index: 1 added.]
[Tue, 15 Sep 2015 01:35:07] [INFO] file=/home/sornalingamt/woudc-bps-git/local/lib/python2.7/site-packages/woudc/extcsv/__init__.py     line=164 module=__init__ function=add_field [Field: Class was added to Table: PLATFORM at index: 1]
[Tue, 15 Sep 2015 01:35:07] [INFO] file=/home/sornalingamt/woudc-bps-git/local/lib/python2.7/site-packages/woudc/extcsv/__init__.py     line=164 module=__init__ function=add_field [Field: Category was added to Table: PLATFORM at index: 1]
[Tue, 15 Sep 2015 01:35:07] [INFO] file=/home/sornalingamt/woudc-bps-git/local/lib/python2.7/site-packages/woudc/extcsv/__init__.py     line=164 module=__init__ function=add_field [Field: Level was added to Table: PLATFORM at index: 1]
[Tue, 15 Sep 2015 01:35:07] [INFO] file=/home/sornalingamt/woudc-bps-git/local/lib/python2.7/site-packages/woudc/extcsv/__init__.py     line=131 module=__init__ function=add_table [Table: PLATFORM at index: 2 added.]
[Tue, 15 Sep 2015 01:35:07] [INFO] file=/home/sornalingamt/woudc-bps-git/local/lib/python2.7/site-packages/woudc/extcsv/__init__.py     line=164 module=__init__ function=add_field [Field: Class was added to Table: PLATFORM at index: 2]
[Tue, 15 Sep 2015 01:35:07] [INFO] file=/home/sornalingamt/woudc-bps-git/local/lib/python2.7/site-packages/woudc/extcsv/__init__.py     line=164 module=__init__ function=add_field [Field: Category was added to Table: PLATFORM at index: 2]
[Tue, 15 Sep 2015 01:35:07] [INFO] file=/home/sornalingamt/woudc-bps-git/local/lib/python2.7/site-packages/woudc/extcsv/__init__.py     line=164 module=__init__ function=add_field [Field: Level was added to Table: PLATFORM at index: 2]
[Tue, 15 Sep 2015 01:35:07] [INFO] file=/home/sornalingamt/woudc-bps-git/local/lib/python2.7/site-packages/woudc/extcsv/__init__.py     line=193 module=__init__ function=add_data [Data added to Field: Class of Table: CONTENT at index: 1]
[Tue, 15 Sep 2015 01:35:07] [INFO] file=/home/sornalingamt/woudc-bps-git/local/lib/python2.7/site-packages/woudc/extcsv/__init__.py     line=193 module=__init__ function=add_data [Data added to Field: Class of Table: CONTENT at index: 1]
[Tue, 15 Sep 2015 01:35:07] [INFO] file=/home/sornalingamt/woudc-bps-git/local/lib/python2.7/site-packages/woudc/extcsv/__init__.py     line=164 module=__init__ function=add_field [Field: Class was added to Table: CONTENT at index: 2]
[Tue, 15 Sep 2015 01:35:07] [INFO] file=/home/sornalingamt/woudc-bps-git/local/lib/python2.7/site-packages/woudc/extcsv/__init__.py     line=164 module=__init__ function=add_field [Field: Category was added to Table: CONTENT at index: 2]
[Tue, 15 Sep 2015 01:35:07] [INFO] file=/home/sornalingamt/woudc-bps-git/local/lib/python2.7/site-packages/woudc/extcsv/__init__.py     line=164 module=__init__ function=add_field [Field: Level was added to Table: CONTENT at index: 2]
[Tue, 15 Sep 2015 01:35:07] [INFO] file=/home/sornalingamt/woudc-bps-git/local/lib/python2.7/site-packages/woudc/extcsv/__init__.py     line=201 module=__init__ function=add_data [Data added to Field: Category of Table: CONTENT at index: 2]
[Tue, 15 Sep 2015 01:35:07] [INFO] file=/home/sornalingamt/woudc-bps-git/local/lib/python2.7/site-packages/woudc/extcsv/__init__.py     line=201 module=__init__ function=add_data [Data added to Field: Category of Table: CONTENT at index: 2]
[Tue, 15 Sep 2015 01:35:07] [INFO] file=/home/sornalingamt/woudc-bps-git/local/lib/python2.7/site-packages/woudc/extcsv/__init__.py     line=131 module=__init__ function=add_table [Table: CONTENT at index: 3 added.]
[Tue, 15 Sep 2015 01:35:07] [INFO] file=/home/sornalingamt/woudc-bps-git/local/lib/python2.7/site-packages/woudc/extcsv/__init__.py     line=152 module=__init__ function=add_field [Field: Category was added to Table: CONTENT at index: 3]
[Tue, 15 Sep 2015 01:35:07] [INFO] file=/home/sornalingamt/woudc-bps-git/local/lib/python2.7/site-packages/woudc/extcsv/__init__.py     line=201 module=__init__ function=add_data [Data added to Field: Category of Table: CONTENT at index: 3]
[Tue, 15 Sep 2015 01:35:07] [INFO] file=/home/sornalingamt/woudc-bps-git/local/lib/python2.7/site-packages/woudc/extcsv/__init__.py     line=131 module=__init__ function=add_table [Table: CONTENT at index: 4 added.]
[Tue, 15 Sep 2015 01:35:07] [INFO] file=/home/sornalingamt/woudc-bps-git/local/lib/python2.7/site-packages/woudc/extcsv/__init__.py     line=152 module=__init__ function=add_field [Field: Category was added to Table: CONTENT at index: 4]
[Tue, 15 Sep 2015 01:35:07] [INFO] file=/home/sornalingamt/woudc-bps-git/local/lib/python2.7/site-packages/woudc/extcsv/__init__.py     line=152 module=__init__ function=add_field [Field: field2 was added to Table: CONTENT at index: 4]
[Tue, 15 Sep 2015 01:35:07] [INFO] file=/home/sornalingamt/woudc-bps-git/local/lib/python2.7/site-packages/woudc/extcsv/__init__.py     line=152 module=__init__ function=add_field [Field: field3 was added to Table: CONTENT at index: 4]
[Tue, 15 Sep 2015 01:35:07] [INFO] file=/home/sornalingamt/woudc-bps-git/local/lib/python2.7/site-packages/woudc/extcsv/__init__.py     line=193 module=__init__ function=add_data [Data added to Field: Class of Table: PLATFORM at index: 1]
[Tue, 15 Sep 2015 01:35:07] [INFO] file=/home/sornalingamt/woudc-bps-git/local/lib/python2.7/site-packages/woudc/extcsv/__init__.py     line=238 module=__init__ function=remove_table [Removed Table: CONTENT at index: 1]
[Tue, 15 Sep 2015 01:35:07] [INFO] file=/home/sornalingamt/woudc-bps-git/local/lib/python2.7/site-packages/woudc/extcsv/__init__.py     line=252 module=__init__ function=remove_field [Removed Field: Category of Table: CONTENT at index: 2]
[Tue, 15 Sep 2015 01:35:07] [INFO] file=/home/sornalingamt/woudc-bps-git/local/lib/python2.7/site-packages/woudc/extcsv/__init__.py     line=271 module=__init__ function=remove_data [First occurance of data: d from Field: Class of Table: CONTENT at index: 2 was removeed]
[Tue, 15 Sep 2015 01:35:07] [ERROR] file=/home/sornalingamt/woudc-bps-git/local/lib/python2.7/site-packages/woudc/extcsv/__init__.py     line=274 module=__init__ function=remove_data [Value: e was not found in field: Class of table: CONTENT at index: 2]
[Tue, 15 Sep 2015 01:35:07] [ERROR] file=/home/sornalingamt/woudc-bps-git/local/lib/python2.7/site-packages/woudc/extcsv/__init__.py     line=283 module=__init__ function=remove_data [No data found at position: 1 in field: Class of table: CONTENT at index: 2]
[Tue, 15 Sep 2015 01:35:07] [INFO] file=/home/sornalingamt/woudc-bps-git/local/lib/python2.7/site-packages/woudc/extcsv/__init__.py     line=280 module=__init__ function=remove_data [Data at index: 0 from Field: Category of Table: CONTENT at index: 3 was removed]
[Tue, 15 Sep 2015 01:35:07] [INFO] file=/home/sornalingamt/woudc-bps-git/local/lib/python2.7/site-packages/woudc/extcsv/__init__.py     line=271 module=__init__ function=remove_data [First occurance of data: 7 from Field: Category of Table: CONTENT at index: 3 was removeed]
[Tue, 15 Sep 2015 01:35:07] [INFO] file=/home/sornalingamt/woudc-bps-git/local/lib/python2.7/site-packages/woudc/extcsv/__init__.py     line=291 module=__init__ function=remove_data [All occurance of data: 7 from Field: Category of table: CONTENT at index: 3 removed.]
[Tue, 15 Sep 2015 01:35:07] [ERROR] file=/home/sornalingamt/woudc-bps-git/local/lib/python2.7/site-packages/woudc/extcsv/__init__.py     line=274 module=__init__ function=remove_data [Value: 23424 was not found in field: Category of table: CONTENT at index: 3]
[Tue, 15 Sep 2015 01:35:07] [INFO] file=/home/sornalingamt/woudc-bps-git/local/lib/python2.7/site-packages/woudc/extcsv/__init__.py     line=291 module=__init__ function=remove_data [All occurance of data: 23424 from Field: Category of table: CONTENT at index: 3 removed.]
[Tue, 15 Sep 2015 01:35:07] [INFO] file=/home/sornalingamt/woudc-bps-git/local/lib/python2.7/site-packages/woudc/extcsv/__init__.py     line=271 module=__init__ function=remove_data [First occurance of data: 8 from Field: Category of Table: CONTENT at index: 3 was removeed]
[Tue, 15 Sep 2015 01:35:07] [INFO] file=/home/sornalingamt/woudc-bps-git/local/lib/python2.7/site-packages/woudc/extcsv/__init__.py     line=291 module=__init__ function=remove_data [All occurance of data: 8 from Field: Category of table: CONTENT at index: 3 removed.]
[Tue, 15 Sep 2015 01:35:07] [INFO] file=/home/sornalingamt/woudc-bps-git/local/lib/python2.7/site-packages/woudc/extcsv/__init__.py     line=271 module=__init__ function=remove_data [First occurance of data: 10 from Field: Category of Table: CONTENT at index: 3 was removeed]
[Tue, 15 Sep 2015 01:35:07] [INFO] file=/home/sornalingamt/woudc-bps-git/local/lib/python2.7/site-packages/woudc/extcsv/__init__.py     line=291 module=__init__ function=remove_data [All occurance of data: 10 from Field: Category of table: CONTENT at index: 3 removed.]
[Tue, 15 Sep 2015 01:35:07] [INFO] file=/home/sornalingamt/woudc-bps-git/local/lib/python2.7/site-packages/woudc/extcsv/__init__.py     line=316 module=__init__ function=clear_table [Table: CONTENT at index: 3 cleared.]
[Tue, 15 Sep 2015 01:35:07] [INFO] file=/home/sornalingamt/woudc-bps-git/local/lib/python2.7/site-packages/woudc/extcsv/__init__.py     line=152 module=__init__ function=add_field [Field: Category was added to Table: CONTENT at index: 3]
[Tue, 15 Sep 2015 01:35:07] [INFO] file=/home/sornalingamt/woudc-bps-git/local/lib/python2.7/site-packages/woudc/extcsv/__init__.py     line=193 module=__init__ function=add_data [Data added to Field: Category of Table: CONTENT at index: 3]
[Tue, 15 Sep 2015 01:35:07] [INFO] file=/home/sornalingamt/woudc-bps-git/local/lib/python2.7/site-packages/woudc/extcsv/__init__.py     line=329 module=__init__ function=clear_field [Field: Category of table: CONTENT at index: 3]
[Tue, 15 Sep 2015 01:35:07] [ERROR] file=/home/sornalingamt/woudc-bps-git/local/lib/python2.7/site-packages/woudc/extcsv/__init__.py     line=369 module=__init__ function=serialize [[1, 3, 3, 3, 3, 1, 3, 3, 3, 4, 3, 4, 3, 3, 3, 4, 1, 3, 3, 3, 1, 3, 3, 3]]
