[Tue, 15 Sep 2015 01:04:43] [INFO] file=/home/sornalingamt/woudc-bps-git/local/lib/python2.7/site-packages/extcsv/writer.py     line=129 module=writer function=add_table [Table: CONTENT at index: 1 added.]
[Tue, 15 Sep 2015 01:04:43] [INFO] file=/home/sornalingamt/woudc-bps-git/local/lib/python2.7/site-packages/extcsv/writer.py     line=162 module=writer function=add_field [Field: Class was added to Table: CONTENT at index: 1]
[Tue, 15 Sep 2015 01:04:43] [INFO] file=/home/sornalingamt/woudc-bps-git/local/lib/python2.7/site-packages/extcsv/writer.py     line=162 module=writer function=add_field [Field: Category was added to Table: CONTENT at index: 1]
[Tue, 15 Sep 2015 01:04:43] [INFO] file=/home/sornalingamt/woudc-bps-git/local/lib/python2.7/site-packages/extcsv/writer.py     line=162 module=writer function=add_field [Field: Level was added to Table: CONTENT at index: 1]
[Tue, 15 Sep 2015 01:04:43] [INFO] file=/home/sornalingamt/woudc-bps-git/local/lib/python2.7/site-packages/extcsv/writer.py     line=162 module=writer function=add_field [Field: Form was added to Table: CONTENT at index: 1]
[Tue, 15 Sep 2015 01:04:43] [INFO] file=/home/sornalingamt/woudc-bps-git/local/lib/python2.7/site-packages/extcsv/writer.py     line=129 module=writer function=add_table [Table: DATA_GENERATION at index: 1 added.]
[Tue, 15 Sep 2015 01:04:43] [INFO] file=/home/sornalingamt/woudc-bps-git/local/lib/python2.7/site-packages/extcsv/writer.py     line=162 module=writer function=add_field [Field: Date was added to Table: DATA_GENERATION at index: 1]
[Tue, 15 Sep 2015 01:04:43] [INFO] file=/home/sornalingamt/woudc-bps-git/local/lib/python2.7/site-packages/extcsv/writer.py     line=162 module=writer function=add_field [Field: Agency was added to Table: DATA_GENERATION at index: 1]
[Tue, 15 Sep 2015 01:04:43] [INFO] file=/home/sornalingamt/woudc-bps-git/local/lib/python2.7/site-packages/extcsv/writer.py     line=162 module=writer function=add_field [Field: Version was added to Table: DATA_GENERATION at index: 1]
[Tue, 15 Sep 2015 01:04:43] [INFO] file=/home/sornalingamt/woudc-bps-git/local/lib/python2.7/site-packages/extcsv/writer.py     line=162 module=writer function=add_field [Field: ScientificAuthority was added to Table: DATA_GENERATION at index: 1]
[Tue, 15 Sep 2015 01:04:43] [INFO] file=/home/sornalingamt/woudc-bps-git/local/lib/python2.7/site-packages/extcsv/writer.py     line=129 module=writer function=add_table [Table: PLATFORM at index: 1 added.]
[Tue, 15 Sep 2015 01:04:43] [INFO] file=/home/sornalingamt/woudc-bps-git/local/lib/python2.7/site-packages/extcsv/writer.py     line=162 module=writer function=add_field [Field: Type was added to Table: PLATFORM at index: 1]
[Tue, 15 Sep 2015 01:04:43] [INFO] file=/home/sornalingamt/woudc-bps-git/local/lib/python2.7/site-packages/extcsv/writer.py     line=162 module=writer function=add_field [Field: ID was added to Table: PLATFORM at index: 1]
[Tue, 15 Sep 2015 01:04:43] [INFO] file=/home/sornalingamt/woudc-bps-git/local/lib/python2.7/site-packages/extcsv/writer.py     line=162 module=writer function=add_field [Field: Name was added to Table: PLATFORM at index: 1]
[Tue, 15 Sep 2015 01:04:43] [INFO] file=/home/sornalingamt/woudc-bps-git/local/lib/python2.7/site-packages/extcsv/writer.py     line=162 module=writer function=add_field [Field: Country was added to Table: PLATFORM at index: 1]
[Tue, 15 Sep 2015 01:04:43] [INFO] file=/home/sornalingamt/woudc-bps-git/local/lib/python2.7/site-packages/extcsv/writer.py     line=162 module=writer function=add_field [Field: GAW_ID was added to Table: PLATFORM at index: 1]
[Tue, 15 Sep 2015 01:04:43] [INFO] file=/home/sornalingamt/woudc-bps-git/local/lib/python2.7/site-packages/extcsv/writer.py     line=129 module=writer function=add_table [Table: INSTRUMENT at index: 1 added.]
[Tue, 15 Sep 2015 01:04:43] [INFO] file=/home/sornalingamt/woudc-bps-git/local/lib/python2.7/site-packages/extcsv/writer.py     line=162 module=writer function=add_field [Field: Name was added to Table: INSTRUMENT at index: 1]
[Tue, 15 Sep 2015 01:04:43] [INFO] file=/home/sornalingamt/woudc-bps-git/local/lib/python2.7/site-packages/extcsv/writer.py     line=162 module=writer function=add_field [Field: Model was added to Table: INSTRUMENT at index: 1]
[Tue, 15 Sep 2015 01:04:43] [INFO] file=/home/sornalingamt/woudc-bps-git/local/lib/python2.7/site-packages/extcsv/writer.py     line=162 module=writer function=add_field [Field: Number was added to Table: INSTRUMENT at index: 1]
[Tue, 15 Sep 2015 01:04:43] [INFO] file=/home/sornalingamt/woudc-bps-git/local/lib/python2.7/site-packages/extcsv/writer.py     line=129 module=writer function=add_table [Table: LOCATION at index: 1 added.]
[Tue, 15 Sep 2015 01:04:43] [INFO] file=/home/sornalingamt/woudc-bps-git/local/lib/python2.7/site-packages/extcsv/writer.py     line=162 module=writer function=add_field [Field: Latitude was added to Table: LOCATION at index: 1]
[Tue, 15 Sep 2015 01:04:43] [INFO] file=/home/sornalingamt/woudc-bps-git/local/lib/python2.7/site-packages/extcsv/writer.py     line=162 module=writer function=add_field [Field: Longitude was added to Table: LOCATION at index: 1]
[Tue, 15 Sep 2015 01:04:43] [INFO] file=/home/sornalingamt/woudc-bps-git/local/lib/python2.7/site-packages/extcsv/writer.py     line=162 module=writer function=add_field [Field: Height was added to Table: LOCATION at index: 1]
[Tue, 15 Sep 2015 01:04:43] [INFO] file=/home/sornalingamt/woudc-bps-git/local/lib/python2.7/site-packages/extcsv/writer.py     line=129 module=writer function=add_table [Table: TIMESTAMP at index: 1 added.]
[Tue, 15 Sep 2015 01:04:43] [INFO] file=/home/sornalingamt/woudc-bps-git/local/lib/python2.7/site-packages/extcsv/writer.py     line=162 module=writer function=add_field [Field: UTCOffset was added to Table: TIMESTAMP at index: 1]
[Tue, 15 Sep 2015 01:04:43] [INFO] file=/home/sornalingamt/woudc-bps-git/local/lib/python2.7/site-packages/extcsv/writer.py     line=162 module=writer function=add_field [Field: Date was added to Table: TIMESTAMP at index: 1]
[Tue, 15 Sep 2015 01:04:43] [INFO] file=/home/sornalingamt/woudc-bps-git/local/lib/python2.7/site-packages/extcsv/writer.py     line=162 module=writer function=add_field [Field: Time was added to Table: TIMESTAMP at index: 1]
[Tue, 15 Sep 2015 01:04:43] [INFO] file=/home/sornalingamt/woudc-bps-git/local/lib/python2.7/site-packages/extcsv/writer.py     line=191 module=writer function=add_data [Data added to Field: Class of Table: CONTENT at index: 1]
[Tue, 15 Sep 2015 01:04:43] [INFO] file=/home/sornalingamt/woudc-bps-git/local/lib/python2.7/site-packages/extcsv/util.py     line=137 module=util function=serialize_extcsv [Path to output file: extcsv3.csv]
[Tue, 15 Sep 2015 01:04:43] [INFO] file=/home/sornalingamt/woudc-bps-git/local/lib/python2.7/site-packages/extcsv/writer.py     line=358 module=writer function=serialize [File written to: None]
[Tue, 15 Sep 2015 01:35:14] [INFO] file=/home/sornalingamt/woudc-bps-git/local/lib/python2.7/site-packages/woudc/extcsv/__init__.py     line=131 module=__init__ function=add_table [Table: CONTENT at index: 1 added.]
[Tue, 15 Sep 2015 01:35:14] [INFO] file=/home/sornalingamt/woudc-bps-git/local/lib/python2.7/site-packages/woudc/extcsv/__init__.py     line=164 module=__init__ function=add_field [Field: Class was added to Table: CONTENT at index: 1]
[Tue, 15 Sep 2015 01:35:14] [INFO] file=/home/sornalingamt/woudc-bps-git/local/lib/python2.7/site-packages/woudc/extcsv/__init__.py     line=164 module=__init__ function=add_field [Field: Category was added to Table: CONTENT at index: 1]
[Tue, 15 Sep 2015 01:35:14] [INFO] file=/home/sornalingamt/woudc-bps-git/local/lib/python2.7/site-packages/woudc/extcsv/__init__.py     line=164 module=__init__ function=add_field [Field: Level was added to Table: CONTENT at index: 1]
[Tue, 15 Sep 2015 01:35:14] [INFO] file=/home/sornalingamt/woudc-bps-git/local/lib/python2.7/site-packages/woudc/extcsv/__init__.py     line=164 module=__init__ function=add_field [Field: Form was added to Table: CONTENT at index: 1]
[Tue, 15 Sep 2015 01:35:14] [INFO] file=/home/sornalingamt/woudc-bps-git/local/lib/python2.7/site-packages/woudc/extcsv/__init__.py     line=131 module=__init__ function=add_table [Table: DATA_GENERATION at index: 1 added.]
[Tue, 15 Sep 2015 01:35:14] [INFO] file=/home/sornalingamt/woudc-bps-git/local/lib/python2.7/site-packages/woudc/extcsv/__init__.py     line=164 module=__init__ function=add_field [Field: Date was added to Table: DATA_GENERATION at index: 1]
[Tue, 15 Sep 2015 01:35:14] [INFO] file=/home/sornalingamt/woudc-bps-git/local/lib/python2.7/site-packages/woudc/extcsv/__init__.py     line=164 module=__init__ function=add_field [Field: Agency was added to Table: DATA_GENERATION at index: 1]
[Tue, 15 Sep 2015 01:35:14] [INFO] file=/home/sornalingamt/woudc-bps-git/local/lib/python2.7/site-packages/woudc/extcsv/__init__.py     line=164 module=__init__ function=add_field [Field: Version was added to Table: DATA_GENERATION at index: 1]
[Tue, 15 Sep 2015 01:35:14] [INFO] file=/home/sornalingamt/woudc-bps-git/local/lib/python2.7/site-packages/woudc/extcsv/__init__.py     line=164 module=__init__ function=add_field [Field: ScientificAuthority was added to Table: DATA_GENERATION at index: 1]
[Tue, 15 Sep 2015 01:35:14] [INFO] file=/home/sornalingamt/woudc-bps-git/local/lib/python2.7/site-packages/woudc/extcsv/__init__.py     line=131 module=__init__ function=add_table [Table: PLATFORM at index: 1 added.]
[Tue, 15 Sep 2015 01:35:14] [INFO] file=/home/sornalingamt/woudc-bps-git/local/lib/python2.7/site-packages/woudc/extcsv/__init__.py     line=164 module=__init__ function=add_field [Field: Type was added to Table: PLATFORM at index: 1]
[Tue, 15 Sep 2015 01:35:14] [INFO] file=/home/sornalingamt/woudc-bps-git/local/lib/python2.7/site-packages/woudc/extcsv/__init__.py     line=164 module=__init__ function=add_field [Field: ID was added to Table: PLATFORM at index: 1]
[Tue, 15 Sep 2015 01:35:14] [INFO] file=/home/sornalingamt/woudc-bps-git/local/lib/python2.7/site-packages/woudc/extcsv/__init__.py     line=164 module=__init__ function=add_field [Field: Name was added to Table: PLATFORM at index: 1]
[Tue, 15 Sep 2015 01:35:14] [INFO] file=/home/sornalingamt/woudc-bps-git/local/lib/python2.7/site-packages/woudc/extcsv/__init__.py     line=164 module=__init__ function=add_field [Field: Country was added to Table: PLATFORM at index: 1]
[Tue, 15 Sep 2015 01:35:14] [INFO] file=/home/sornalingamt/woudc-bps-git/local/lib/python2.7/site-packages/woudc/extcsv/__init__.py     line=164 module=__init__ function=add_field [Field: GAW_ID was added to Table: PLATFORM at index: 1]
[Tue, 15 Sep 2015 01:35:14] [INFO] file=/home/sornalingamt/woudc-bps-git/local/lib/python2.7/site-packages/woudc/extcsv/__init__.py     line=131 module=__init__ function=add_table [Table: INSTRUMENT at index: 1 added.]
[Tue, 15 Sep 2015 01:35:14] [INFO] file=/home/sornalingamt/woudc-bps-git/local/lib/python2.7/site-packages/woudc/extcsv/__init__.py     line=164 module=__init__ function=add_field [Field: Name was added to Table: INSTRUMENT at index: 1]
[Tue, 15 Sep 2015 01:35:14] [INFO] file=/home/sornalingamt/woudc-bps-git/local/lib/python2.7/site-packages/woudc/extcsv/__init__.py     line=164 module=__init__ function=add_field [Field: Model was added to Table: INSTRUMENT at index: 1]
[Tue, 15 Sep 2015 01:35:14] [INFO] file=/home/sornalingamt/woudc-bps-git/local/lib/python2.7/site-packages/woudc/extcsv/__init__.py     line=164 module=__init__ function=add_field [Field: Number was added to Table: INSTRUMENT at index: 1]
[Tue, 15 Sep 2015 01:35:14] [INFO] file=/home/sornalingamt/woudc-bps-git/local/lib/python2.7/site-packages/woudc/extcsv/__init__.py     line=131 module=__init__ function=add_table [Table: LOCATION at index: 1 added.]
[Tue, 15 Sep 2015 01:35:14] [INFO] file=/home/sornalingamt/woudc-bps-git/local/lib/python2.7/site-packages/woudc/extcsv/__init__.py     line=164 module=__init__ function=add_field [Field: Latitude was added to Table: LOCATION at index: 1]
[Tue, 15 Sep 2015 01:35:14] [INFO] file=/home/sornalingamt/woudc-bps-git/local/lib/python2.7/site-packages/woudc/extcsv/__init__.py     line=164 module=__init__ function=add_field [Field: Longitude was added to Table: LOCATION at index: 1]
[Tue, 15 Sep 2015 01:35:14] [INFO] file=/home/sornalingamt/woudc-bps-git/local/lib/python2.7/site-packages/woudc/extcsv/__init__.py     line=164 module=__init__ function=add_field [Field: Height was added to Table: LOCATION at index: 1]
[Tue, 15 Sep 2015 01:35:14] [INFO] file=/home/sornalingamt/woudc-bps-git/local/lib/python2.7/site-packages/woudc/extcsv/__init__.py     line=131 module=__init__ function=add_table [Table: TIMESTAMP at index: 1 added.]
[Tue, 15 Sep 2015 01:35:14] [INFO] file=/home/sornalingamt/woudc-bps-git/local/lib/python2.7/site-packages/woudc/extcsv/__init__.py     line=164 module=__init__ function=add_field [Field: UTCOffset was added to Table: TIMESTAMP at index: 1]
[Tue, 15 Sep 2015 01:35:14] [INFO] file=/home/sornalingamt/woudc-bps-git/local/lib/python2.7/site-packages/woudc/extcsv/__init__.py     line=164 module=__init__ function=add_field [Field: Date was added to Table: TIMESTAMP at index: 1]
[Tue, 15 Sep 2015 01:35:14] [INFO] file=/home/sornalingamt/woudc-bps-git/local/lib/python2.7/site-packages/woudc/extcsv/__init__.py     line=164 module=__init__ function=add_field [Field: Time was added to Table: TIMESTAMP at index: 1]
[Tue, 15 Sep 2015 01:35:14] [INFO] file=/home/sornalingamt/woudc-bps-git/local/lib/python2.7/site-packages/woudc/extcsv/__init__.py     line=193 module=__init__ function=add_data [Data added to Field: Class of Table: CONTENT at index: 1]
[Tue, 15 Sep 2015 01:35:14] [INFO] file=/home/sornalingamt/woudc-bps-git/local/lib/python2.7/site-packages/extcsv/util.py     line=137 module=util function=serialize_extcsv [Path to output file: extcsv3.csv]
[Tue, 15 Sep 2015 01:35:14] [INFO] file=/home/sornalingamt/woudc-bps-git/local/lib/python2.7/site-packages/woudc/extcsv/__init__.py     line=360 module=__init__ function=serialize [File written to: None]
